[debug] [2021-08-18T08:23:29.975Z] ----------------------------------------------------------------------
[debug] [2021-08-18T08:23:29.978Z] Command:       C:\Program Files\nodejs\node.exe C:\Users\1\AppData\Roaming\npm\node_modules\firebase-tools\lib\bin\firebase.js init
[debug] [2021-08-18T08:23:29.978Z] CLI Version:   9.16.5
[debug] [2021-08-18T08:23:29.978Z] Platform:      win32
[debug] [2021-08-18T08:23:29.979Z] Node Version:  v16.5.0
[debug] [2021-08-18T08:23:29.989Z] Time:          Wed Aug 18 2021 11:23:29 GMT+0300 (Москва, стандартное время)
[debug] [2021-08-18T08:23:29.989Z] ----------------------------------------------------------------------
[debug] 
[debug] [2021-08-18T08:23:29.998Z] > command requires scopes: ["email","openid","https://www.googleapis.com/auth/cloudplatformprojects.readonly","https://www.googleapis.com/auth/firebase","https://www.googleapis.com/auth/cloud-platform"]
[debug] [2021-08-18T08:23:29.999Z] > authorizing via signed-in user (technotche@gmail.com)
[info] 
     ######## #### ########  ######## ########     ###     ######  ########
     ##        ##  ##     ## ##       ##     ##  ##   ##  ##       ##
     ######    ##  ########  ######   ########  #########  ######  ######
     ##        ##  ##    ##  ##       ##     ## ##     ##       ## ##
     ##       #### ##     ## ######## ########  ##     ##  ######  ########

You're about to initialize a Firebase project in this directory:

  C:\Users\1\Desktop\aenet-next

[debug] [2021-08-18T08:27:48.307Z] ----------------------------------------------------------------------
[debug] [2021-08-18T08:27:48.310Z] Command:       C:\Program Files\nodejs\node.exe C:\Users\1\AppData\Roaming\npm\node_modules\firebase-tools\lib\bin\firebase.js init
[debug] [2021-08-18T08:27:48.310Z] CLI Version:   9.16.5
[debug] [2021-08-18T08:27:48.310Z] Platform:      win32
[debug] [2021-08-18T08:27:48.310Z] Node Version:  v16.5.0
[debug] [2021-08-18T08:27:48.320Z] Time:          Wed Aug 18 2021 11:27:48 GMT+0300 (Москва, стандартное время)
[debug] [2021-08-18T08:27:48.320Z] ----------------------------------------------------------------------
[debug] 
[debug] [2021-08-18T08:27:48.330Z] > command requires scopes: ["email","openid","https://www.googleapis.com/auth/cloudplatformprojects.readonly","https://www.googleapis.com/auth/firebase","https://www.googleapis.com/auth/cloud-platform"]
[debug] [2021-08-18T08:27:48.330Z] > authorizing via signed-in user (technotche@gmail.com)
[info] 
     ######## #### ########  ######## ########     ###     ######  ########
     ##        ##  ##     ## ##       ##     ##  ##   ##  ##       ##
     ######    ##  ########  ######   ########  #########  ######  ######
     ##        ##  ##    ##  ##       ##     ## ##     ##       ## ##
     ##       #### ##     ## ######## ########  ##     ##  ######  ########

You're about to initialize a Firebase project in this directory:

  C:\Users\1\Desktop\aenet-next

[debug] [2021-08-18T08:35:06.120Z] ----------------------------------------------------------------------
[debug] [2021-08-18T08:35:06.122Z] Command:       C:\Program Files\nodejs\node.exe C:\Users\1\AppData\Roaming\npm\node_modules\firebase-tools\lib\bin\firebase.js init
[debug] [2021-08-18T08:35:06.123Z] CLI Version:   9.16.5
[debug] [2021-08-18T08:35:06.123Z] Platform:      win32
[debug] [2021-08-18T08:35:06.123Z] Node Version:  v16.5.0
[debug] [2021-08-18T08:35:06.129Z] Time:          Wed Aug 18 2021 11:35:06 GMT+0300 (Москва, стандартное время)
[debug] [2021-08-18T08:35:06.130Z] ----------------------------------------------------------------------
[debug] 
[debug] [2021-08-18T08:35:06.141Z] > command requires scopes: ["email","openid","https://www.googleapis.com/auth/cloudplatformprojects.readonly","https://www.googleapis.com/auth/firebase","https://www.googleapis.com/auth/cloud-platform"]
[debug] [2021-08-18T08:35:06.141Z] > authorizing via signed-in user (technotche@gmail.com)
[info] 
     ######## #### ########  ######## ########     ###     ######  ########
     ##        ##  ##     ## ##       ##     ##  ##   ##  ##       ##
     ######    ##  ########  ######   ########  #########  ######  ######
     ##        ##  ##    ##  ##       ##     ## ##     ##       ## ##
     ##       #### ##     ## ######## ########  ##     ##  ######  ########

You're about to initialize a Firebase project in this directory:

  C:\Users\1\Desktop\aenet-next\site

